<?xml version="1.0" encoding="UTF-8"?>
<testng-results ignored="0" total="1" passed="1" failed="0" skipped="0">
  <reporter-output>
  </reporter-output>
  <suite started-at="2023-09-26T14:29:35 IST" name="Default suite" finished-at="2023-09-26T14:31:41 IST" duration-ms="126116">
    <groups>
    </groups>
    <test started-at="2023-09-26T14:29:35 IST" name="Default test" finished-at="2023-09-26T14:31:41 IST" duration-ms="126116">
      <class name="com.GuestUserWith_CreditCard.tc__VariationProductForGuestUser_InCC">
        <test-method is-config="true" signature="setUpforReport()[pri:0, instance:com.GuestUserWith_CreditCard.tc__VariationProductForGuestUser_InCC@640cc04b]" started-at="2023-09-26T14:29:26 IST" name="setUpforReport" finished-at="2023-09-26T14:29:35 IST" duration-ms="9551" status="PASS">
          <reporter-output>
          </reporter-output>
        </test-method> <!-- setUpforReport -->
        <test-method is-config="true" signature="setUp()[pri:0, instance:com.GuestUserWith_CreditCard.tc__VariationProductForGuestUser_InCC@640cc04b]" started-at="2023-09-26T14:29:35 IST" name="setUp" finished-at="2023-09-26T14:29:38 IST" duration-ms="2099" status="PASS">
          <reporter-output>
          </reporter-output>
        </test-method> <!-- setUp -->
        <test-method signature="variationProduct()[pri:0, instance:com.GuestUserWith_CreditCard.tc__VariationProductForGuestUser_InCC@640cc04b]" started-at="2023-09-26T14:29:38 IST" name="variationProduct" finished-at="2023-09-26T14:31:41 IST" duration-ms="123951" status="PASS">
          <reporter-output>
          </reporter-output>
        </test-method> <!-- variationProduct -->
        <test-method is-config="true" signature="afterMethod(org.testng.ITestResult)[pri:0, instance:com.GuestUserWith_CreditCard.tc__VariationProductForGuestUser_InCC@640cc04b]" started-at="2023-09-26T14:31:41 IST" name="afterMethod" finished-at="2023-09-26T14:31:41 IST" duration-ms="10" status="PASS">
          <params>
            <param index="0">
              <value>
                <![CDATA[[TestResult name=variationProduct status=SUCCESS method=tc__VariationProductForGuestUser_InCC.variationProduct()[pri:0, instance:com.GuestUserWith_CreditCard.tc__VariationProductForGuestUser_InCC@640cc04b] output={null}]]]>
              </value>
            </param>
          </params>
          <reporter-output>
          </reporter-output>
        </test-method> <!-- afterMethod -->
        <test-method is-config="true" signature="tearDown()[pri:0, instance:com.GuestUserWith_CreditCard.tc__VariationProductForGuestUser_InCC@640cc04b]" started-at="2023-09-26T14:31:42 IST" name="tearDown" finished-at="2023-09-26T14:31:53 IST" duration-ms="11293" status="PASS">
          <reporter-output>
          </reporter-output>
        </test-method> <!-- tearDown -->
      </class> <!-- com.GuestUserWith_CreditCard.tc__VariationProductForGuestUser_InCC -->
    </test> <!-- Default test -->
  </suite> <!-- Default suite -->
</testng-results>
